<?xml version="1.0" encoding="UTF-8"?>
<!-- Generated by org.testng.reporters.JUnitXMLReporter -->
<testsuite ignored="0" hostname="LAPTOP-T4SR8IHD" failures="0" tests="5" name="Register-User-1" time="94.154" errors="0" timestamp="08 Jan 2021 03:11:59 GMT">
  <testcase classname="com.automation.sivatemp" name="registrationPage" time="12.514"/>
  <testcase classname="com.automation.sivatemp" name="registrationPage" time="13.228"/>
  <testcase classname="com.automation.sivatemp" name="registrationPage" time="15.037"/>
  <testcase classname="com.automation.sivatemp" name="registrationPage" time="16.956"/>
  <testcase classname="com.automation.sivatemp" name="registrationPage" time="16.227"/>
</testsuite> <!-- Register-User-1 -->
