<?xml version="1.0" encoding="UTF-8"?>
<!-- Generated by org.testng.reporters.JUnitXMLReporter -->
<testsuite ignored="0" hostname="LAPTOP-T4SR8IHD" failures="0" tests="5" name="Register-User" time="44.366" errors="0" timestamp="08 Jan 2021 15:08:57 GMT">
  <testcase classname="com.parabank.RegistrationBank" name="registerUser" time="6.772"/>
  <testcase classname="com.parabank.RegistrationBank" name="registerUser" time="4.13"/>
  <testcase classname="com.parabank.RegistrationBank" name="registerUser" time="4.311"/>
  <testcase classname="com.parabank.RegistrationBank" name="registerUser" time="3.93"/>
  <testcase classname="com.parabank.RegistrationBank" name="registerUser" time="3.965"/>
</testsuite> <!-- Register-User -->
