<?xml version="1.0" encoding="UTF-8"?>
<!-- Generated by org.testng.reporters.JUnitXMLReporter -->
<testsuite ignored="0" hostname="LAPTOP-T4SR8IHD" failures="0" tests="5" name="Default test" time="44.864" errors="0" timestamp="08 Jan 2021 04:00:35 GMT">
  <testcase classname="com.parabank.RegistrationBank" name="registerUser" time="3.843"/>
  <testcase classname="com.parabank.RegistrationBank" name="registerUser" time="8.21"/>
  <testcase classname="com.parabank.RegistrationBank" name="registerUser" time="4.058"/>
  <testcase classname="com.parabank.RegistrationBank" name="registerUser" time="4.049"/>
  <testcase classname="com.parabank.RegistrationBank" name="registerUser" time="4.11"/>
</testsuite> <!-- Default test -->
