<?xml version="1.0" encoding="UTF-8"?>
<testng-results ignored="0" total="5" passed="5" failed="0" skipped="0">
  <reporter-output>
  </reporter-output>
  <suite started-at="2021-01-08T15:08:12Z" name="RegisterNewUser" finished-at="2021-01-08T15:08:57Z" duration-ms="44366">
    <groups>
    </groups>
    <test started-at="2021-01-08T15:08:12Z" name="Register-User" finished-at="2021-01-08T15:08:57Z" duration-ms="44366">
      <class name="com.parabank.RegistrationBank">
        <test-method is-config="true" signature="setupDriver()[pri:0, instance:com.parabank.RegistrationBank@55a561cf]" started-at="2021-01-08T15:08:12Z" name="setupDriver" finished-at="2021-01-08T15:08:16Z" duration-ms="4097" status="PASS">
          <reporter-output>
          </reporter-output>
        </test-method> <!-- setupDriver -->
        <test-method signature="registerUser()[pri:0, instance:com.parabank.RegistrationBank@55a561cf]" started-at="2021-01-08T15:08:16Z" name="registerUser" finished-at="2021-01-08T15:08:23Z" duration-ms="6772" status="PASS">
          <reporter-output>
          </reporter-output>
        </test-method> <!-- registerUser -->
        <test-method is-config="true" signature="closeDriver()[pri:0, instance:com.parabank.RegistrationBank@55a561cf]" started-at="2021-01-08T15:08:23Z" name="closeDriver" finished-at="2021-01-08T15:08:24Z" duration-ms="745" status="PASS">
          <reporter-output>
          </reporter-output>
        </test-method> <!-- closeDriver -->
        <test-method is-config="true" signature="setupDriver()[pri:0, instance:com.parabank.RegistrationBank@55a561cf]" started-at="2021-01-08T15:08:24Z" name="setupDriver" finished-at="2021-01-08T15:08:27Z" duration-ms="3295" status="PASS">
          <reporter-output>
          </reporter-output>
        </test-method> <!-- setupDriver -->
        <test-method signature="registerUser()[pri:0, instance:com.parabank.RegistrationBank@55a561cf]" started-at="2021-01-08T15:08:27Z" name="registerUser" finished-at="2021-01-08T15:08:31Z" duration-ms="4130" status="PASS">
          <reporter-output>
          </reporter-output>
        </test-method> <!-- registerUser -->
        <test-method is-config="true" signature="closeDriver()[pri:0, instance:com.parabank.RegistrationBank@55a561cf]" started-at="2021-01-08T15:08:31Z" name="closeDriver" finished-at="2021-01-08T15:08:32Z" duration-ms="739" status="PASS">
          <reporter-output>
          </reporter-output>
        </test-method> <!-- closeDriver -->
        <test-method is-config="true" signature="setupDriver()[pri:0, instance:com.parabank.RegistrationBank@55a561cf]" started-at="2021-01-08T15:08:32Z" name="setupDriver" finished-at="2021-01-08T15:08:35Z" duration-ms="3229" status="PASS">
          <reporter-output>
          </reporter-output>
        </test-method> <!-- setupDriver -->
        <test-method signature="registerUser()[pri:0, instance:com.parabank.RegistrationBank@55a561cf]" started-at="2021-01-08T15:08:35Z" name="registerUser" finished-at="2021-01-08T15:08:40Z" duration-ms="4311" status="PASS">
          <reporter-output>
          </reporter-output>
        </test-method> <!-- registerUser -->
        <test-method is-config="true" signature="closeDriver()[pri:0, instance:com.parabank.RegistrationBank@55a561cf]" started-at="2021-01-08T15:08:40Z" name="closeDriver" finished-at="2021-01-08T15:08:40Z" duration-ms="740" status="PASS">
          <reporter-output>
          </reporter-output>
        </test-method> <!-- closeDriver -->
        <test-method is-config="true" signature="setupDriver()[pri:0, instance:com.parabank.RegistrationBank@55a561cf]" started-at="2021-01-08T15:08:40Z" name="setupDriver" finished-at="2021-01-08T15:08:44Z" duration-ms="3212" status="PASS">
          <reporter-output>
          </reporter-output>
        </test-method> <!-- setupDriver -->
        <test-method signature="registerUser()[pri:0, instance:com.parabank.RegistrationBank@55a561cf]" started-at="2021-01-08T15:08:44Z" name="registerUser" finished-at="2021-01-08T15:08:48Z" duration-ms="3930" status="PASS">
          <reporter-output>
          </reporter-output>
        </test-method> <!-- registerUser -->
        <test-method is-config="true" signature="closeDriver()[pri:0, instance:com.parabank.RegistrationBank@55a561cf]" started-at="2021-01-08T15:08:48Z" name="closeDriver" finished-at="2021-01-08T15:08:49Z" duration-ms="1236" status="PASS">
          <reporter-output>
          </reporter-output>
        </test-method> <!-- closeDriver -->
        <test-method is-config="true" signature="setupDriver()[pri:0, instance:com.parabank.RegistrationBank@55a561cf]" started-at="2021-01-08T15:08:49Z" name="setupDriver" finished-at="2021-01-08T15:08:52Z" duration-ms="3228" status="PASS">
          <reporter-output>
          </reporter-output>
        </test-method> <!-- setupDriver -->
        <test-method signature="registerUser()[pri:0, instance:com.parabank.RegistrationBank@55a561cf]" started-at="2021-01-08T15:08:52Z" name="registerUser" finished-at="2021-01-08T15:08:56Z" duration-ms="3965" status="PASS">
          <reporter-output>
          </reporter-output>
        </test-method> <!-- registerUser -->
        <test-method is-config="true" signature="closeDriver()[pri:0, instance:com.parabank.RegistrationBank@55a561cf]" started-at="2021-01-08T15:08:56Z" name="closeDriver" finished-at="2021-01-08T15:08:57Z" duration-ms="687" status="PASS">
          <reporter-output>
          </reporter-output>
        </test-method> <!-- closeDriver -->
      </class> <!-- com.parabank.RegistrationBank -->
    </test> <!-- Register-User -->
  </suite> <!-- RegisterNewUser -->
</testng-results>
